
[INFO ] 2025-03-09 22:34:55.792 [main] Project - Browser Opens Sucessfully
[INFO ] 2025-03-09 22:34:55.798 [main] Project - Flipkart Opens
[INFO ] 2025-03-09 22:34:58.645 [main] Project - Smart Phone Searched
[INFO ] 2025-03-09 22:35:01.676 [main] Project - Switching to Search Results Page of Mobile is Done
[INFO ] 2025-03-09 22:35:01.908 [main] Project - Selecting a Mobile of Particular Brand is Done
[INFO ] 2025-03-09 22:35:02.497 [main] Project - Selecting the Mobile is Done
[INFO ] 2025-03-09 22:35:05.537 [main] Project - Switching to Product Page of Mobile is Done
[INFO ] 2025-03-09 22:35:05.555 [main] Project - New Tab Opens
[INFO ] 2025-03-09 22:35:05.668 [main] Project - Mobile is Added To Cart
[INFO ] 2025-03-09 22:35:08.753 [main] Project - Current Tab is Closed
[INFO ] 2025-03-09 22:35:08.759 [main] Project - Switched to Home Page
[INFO ] 2025-03-09 22:35:08.957 [main] Project - Search Box is Cleared
[INFO ] 2025-03-09 22:35:09.096 [main] Project - Tablet is Searched
[INFO ] 2025-03-09 22:35:12.113 [main] Project - Switching to Search Results Page of Tablet is Done
[INFO ] 2025-03-09 22:35:12.219 [main] Project - Different Brands of Tablet Appers
[INFO ] 2025-03-09 22:35:15.525 [main] Project - Selecting a Tablet of Particular Brand is Done
[INFO ] 2025-03-09 22:35:18.779 [main] Project - Selecting the Tablet is Done
[INFO ] 2025-03-09 22:35:21.826 [main] Project - Switching to Product Page of Tablet is Done
[INFO ] 2025-03-09 22:35:21.841 [main] Project - New Tab Opens
[INFO ] 2025-03-09 22:35:21.992 [main] Project - Tablet is Added To Cart
[INFO ] 2025-03-09 22:35:25.072 [main] Project - Current Tab is Closed
[INFO ] 2025-03-09 22:35:25.079 [main] Project - Switched to Home Page
[INFO ] 2025-03-09 22:35:25.223 [main] Project - Search Box is Cleared
[INFO ] 2025-03-09 22:35:25.329 [main] Project - Laptop is Searched
[INFO ] 2025-03-09 22:35:28.342 [main] Project - Switching to Search Results Page of Laptop is Done
[INFO ] 2025-03-09 22:35:28.519 [main] Project - Different Brands of Laptop Appers
[INFO ] 2025-03-09 22:35:31.740 [main] Project - Selecting a Laptop of Particular Brand is Done
[INFO ] 2025-03-09 22:35:34.969 [main] Project - Selecting the Laptop is Done
[INFO ] 2025-03-09 22:35:37.998 [main] Project - Switching to Product Page of Laptop is Done
[INFO ] 2025-03-09 22:35:38.018 [main] Project - New Tab Opens
[INFO ] 2025-03-09 22:35:38.157 [main] Project - Laptop is Added To Cart
[INFO ] 2025-03-09 22:35:41.248 [main] Project - Current Tab is Closed
[INFO ] 2025-03-09 22:35:41.261 [main] Project - Cart Page Appears
[INFO ] 2025-03-09 22:35:50.473 [main] Project - All The Products Verified
[INFO ] 2025-03-09 22:35:50.473 [main] Project - Browser Closed Successfully
[INFO ] 2025-03-09 22:35:51.708 [main] Project - Extent Report generated
